#
# There is insufficient memory for the Java Runtime Environment to continue.
# Native memory allocation (malloc) failed to allocate 2097152 bytes for AllocateHeap
# Possible reasons:
#   The system is out of physical RAM or swap space
#   The process is running with CompressedOops enabled, and the Java Heap may be blocking the growth of the native heap
# Possible solutions:
#   Reduce memory load on the system
#   Increase physical memory or swap space
#   Check if swap backing store is full
#   Decrease Java heap size (-Xmx/-Xms)
#   Decrease number of Java threads
#   Decrease Java thread stack sizes (-Xss)
#   Set larger code cache with -XX:ReservedCodeCacheSize=
#   JVM is running with Unscaled Compressed Oops mode in which the Java heap is
#     placed in the first 4GB address space. The Java Heap base address is the
#     maximum limit for the native heap growth. Please use -XX:HeapBaseMinAddress
#     to set the Java Heap base and to place the Java Heap above 4GB virtual address.
# This output file may be truncated or incomplete.
#
#  Out of Memory Error (allocation.cpp:44), pid=14580, tid=1500
#
# JRE version: OpenJDK Runtime Environment Temurin-17.0.10+7 (17.0.10+7) (build 17.0.10+7)
# Java VM: OpenJDK 64-Bit Server VM Temurin-17.0.10+7 (17.0.10+7, mixed mode, emulated-client, tiered, compressed oops, compressed class ptrs, g1 gc, windows-amd64)
# No core dump will be written. Minidumps are not enabled by default on client versions of Windows
#

---------------  S U M M A R Y ------------

Command Line: -Xmx1024m -Dsts.lsp.client=vscode -Dsts.log.file=/dev/null -XX:TieredStopAtLevel=1 -Xlog:jni+resolve=off -Dspring.config.location=file:c:\Users\LENOVO\.vscode\extensions\vmware.vscode-spring-boot-1.54.0\language-server\BOOT-INF\classes\application.properties org.springframework.ide.vscode.boot.app.BootLanguageServerBootApp

Host: Intel(R) Core(TM) i3-5010U CPU @ 2.10GHz, 4 cores, 3G,  Windows 10 , 64 bit Build 19041 (10.0.19041.3636)
Time: Sat May 25 19:04:02 2024 India Standard Time elapsed time: 70981.001911 seconds (0d 19h 43m 1s)

---------------  T H R E A D  ---------------

Current thread (0x000002814be117b0):  VMThread "VM Thread" [stack: 0x000000d009600000,0x000000d009700000] [id=1500]

Stack: [0x000000d009600000,0x000000d009700000]
Native frames: (J=compiled Java code, j=interpreted, Vv=VM code, C=native code)
V  [jvm.dll+0x67d2c9]
V  [jvm.dll+0x834afa]
V  [jvm.dll+0x8365be]
V  [jvm.dll+0x836c23]
V  [jvm.dll+0x2477ff]
V  [jvm.dll+0xa6c93]
V  [jvm.dll+0x2f86f1]
V  [jvm.dll+0x2f42e0]
V  [jvm.dll+0x2dc8c7]
V  [jvm.dll+0x31fb87]
V  [jvm.dll+0x83b11b]
V  [jvm.dll+0x83be61]
V  [jvm.dll+0x83c37d]
V  [jvm.dll+0x83c754]
V  [jvm.dll+0x83c820]
V  [jvm.dll+0x7e3fba]
V  [jvm.dll+0x67c1b5]
C  [ucrtbase.dll+0x21bb2]
C  [KERNEL32.DLL+0x17344]
C  [ntdll.dll+0x526b1]

VM_Operation (0x000000d00a8fed60): G1CollectFull, mode: safepoint, requested by thread 0x00000281516e1060


---------------  P R O C E S S  ---------------

Threads class SMR info:
_java_thread_list=0x0000028152784a10, length=28, elements={
0x000002814be35780, 0x000002814be36510, 0x000002814be64810, 0x000002814be65690,
0x000002814be69070, 0x000002814be69a30, 0x000002814be6b310, 0x000002814be7d010,
0x00000281501ce910, 0x00000281501d1b60, 0x00000281516ff230, 0x00000281516e1060,
0x00000281516e1540, 0x00000281417c9990, 0x00000281516099a0, 0x000002815179ca10,
0x0000028151812820, 0x000002815180f070, 0x000002815180f580, 0x0000028151811e00,
0x0000028151810ed0, 0x00000281518109c0, 0x0000028150aeef00, 0x0000028150aef410,
0x0000028150aedac0, 0x0000028150aeb240, 0x0000028150aed5b0, 0x0000028150aecb90
}

Java Threads: ( => current thread )
  0x000002814be35780 JavaThread "Reference Handler" daemon [_thread_blocked, id=13304, stack(0x000000d009700000,0x000000d009800000)]
  0x000002814be36510 JavaThread "Finalizer" daemon [_thread_blocked, id=15044, stack(0x000000d009800000,0x000000d009900000)]
  0x000002814be64810 JavaThread "Signal Dispatcher" daemon [_thread_blocked, id=8288, stack(0x000000d009900000,0x000000d009a00000)]
  0x000002814be65690 JavaThread "Attach Listener" daemon [_thread_blocked, id=11508, stack(0x000000d009a00000,0x000000d009b00000)]
  0x000002814be69070 JavaThread "Service Thread" daemon [_thread_blocked, id=11880, stack(0x000000d009b00000,0x000000d009c00000)]
  0x000002814be69a30 JavaThread "Monitor Deflation Thread" daemon [_thread_blocked, id=15096, stack(0x000000d009c00000,0x000000d009d00000)]
  0x000002814be6b310 JavaThread "C1 CompilerThread0" daemon [_thread_blocked, id=12092, stack(0x000000d009d00000,0x000000d009e00000)]
  0x000002814be7d010 JavaThread "Sweeper thread" daemon [_thread_blocked, id=928, stack(0x000000d009e00000,0x000000d009f00000)]
  0x00000281501ce910 JavaThread "Notification Thread" daemon [_thread_blocked, id=1772, stack(0x000000d00a000000,0x000000d00a100000)]
  0x00000281501d1b60 JavaThread "Common-Cleaner" daemon [_thread_blocked, id=5572, stack(0x000000d00a200000,0x000000d00a300000)]
  0x00000281516ff230 JavaThread "boundedElastic-evictor-1" daemon [_thread_blocked, id=3828, stack(0x000000d00a700000,0x000000d00a800000)]
  0x00000281516e1060 JavaThread "pool-13-thread-1" [_thread_blocked, id=4012, stack(0x000000d00a800000,0x000000d00a900000)]
  0x00000281516e1540 JavaThread "LanguageServerApp-lifecycle" [_thread_blocked, id=5592, stack(0x000000d00a900000,0x000000d00aa00000)]
  0x00000281417c9990 JavaThread "DestroyJavaVM" [_thread_blocked, id=3148, stack(0x000000d008f00000,0x000000d009000000)]
  0x00000281516099a0 JavaThread "pool-14-thread-1" [_thread_in_native, id=10464, stack(0x000000d00aa00000,0x000000d00ab00000)]
  0x000002815179ca10 JavaThread "Simple-Language-Server main thread" daemon [_thread_blocked, id=8024, stack(0x000000d00ab00000,0x000000d00ac00000)]
  0x0000028151812820 JavaThread "pool-8-thread-1" [_thread_blocked, id=9848, stack(0x000000d00af00000,0x000000d00b000000)]
  0x000002815180f070 JavaThread "parallel-1" daemon [_thread_blocked, id=2180, stack(0x000000d00b000000,0x000000d00b100000)]
  0x000002815180f580 JavaThread "pool-6-thread-1" [_thread_blocked, id=2424, stack(0x000000d00b100000,0x000000d00b200000)]
  0x0000028151811e00 JavaThread "parallel-2" daemon [_thread_blocked, id=9572, stack(0x000000d00b200000,0x000000d00b300000)]
  0x0000028151810ed0 JavaThread "Reconciler-1" daemon [_thread_blocked, id=8324, stack(0x000000d00b300000,0x000000d00b400000)]
  0x00000281518109c0 JavaThread "parallel-3" daemon [_thread_blocked, id=5808, stack(0x000000d00b400000,0x000000d00b500000)]
  0x0000028150aeef00 JavaThread "parallel-4" daemon [_thread_blocked, id=9412, stack(0x000000d00c100000,0x000000d00c200000)]
  0x0000028150aef410 JavaThread "CompletableFutureDelayScheduler" daemon [_thread_blocked, id=15092, stack(0x000000d009000000,0x000000d009100000)]
  0x0000028150aedac0 JavaThread "ForkJoinPool.commonPool-worker-66" daemon [_thread_blocked, id=8104, stack(0x000000d008e00000,0x000000d008f00000)]
  0x0000028150aeb240 JavaThread "pool-5-thread-410" [_thread_blocked, id=924, stack(0x000000d00a400000,0x000000d00a500000)]
  0x0000028150aed5b0 JavaThread "pool-5-thread-411" [_thread_blocked, id=15300, stack(0x000000d00a600000,0x000000d00a700000)]
  0x0000028150aecb90 JavaThread "pool-4-thread-115" [_thread_blocked, id=10328, stack(0x000000d00ac00000,0x000000d00ad00000)]

Other Threads:
=>0x000002814be117b0 VMThread "VM Thread" [stack: 0x000000d009600000,0x000000d009700000] [id=1500]
  0x00000281501cedf0 WatcherThread [stack: 0x000000d00a100000,0x000000d00a200000] [id=2796]
  0x0000028141806010 GCTaskThread "GC Thread#0" [stack: 0x000000d009100000,0x000000d009200000] [id=11864]
  0x00000281503fec30 GCTaskThread "GC Thread#1" [stack: 0x000000d009f00000,0x000000d00a000000] [id=5132]
  0x00000281502b14a0 GCTaskThread "GC Thread#2" [stack: 0x000000d00a300000,0x000000d00a400000] [id=5876]
  0x0000028150b1ade0 GCTaskThread "GC Thread#3" [stack: 0x000000d00a500000,0x000000d00a600000] [id=3492]
  0x000002814180ef60 ConcurrentGCThread "G1 Main Marker" [stack: 0x000000d009200000,0x000000d009300000] [id=12312]
  0x000002814180f980 ConcurrentGCThread "G1 Conc#0" [stack: 0x000000d009300000,0x000000d009400000] [id=13344]
  0x000002814185b5c0 ConcurrentGCThread "G1 Refine#0" [stack: 0x000000d009400000,0x000000d009500000] [id=12148]
  0x000002814185bff0 ConcurrentGCThread "G1 Service" [stack: 0x000000d009500000,0x000000d009600000] [id=10128]

Threads with active compile tasks:

VM state: at safepoint (normal execution)

VM Mutex/Monitor currently owned by a thread:  ([mutex/lock_event])
[0x000002813f6fa2f0] Threads_lock - owner thread: 0x000002814be117b0
[0x00000281417c6310] Heap_lock - owner thread: 0x00000281516e1060

Heap address: 0x00000000c0000000, size: 1024 MB, Compressed Oops mode: 32-bit

CDS archive(s) not mapped
Compressed class space mapped at: 0x0000000100000000-0x0000000140000000, reserved size: 1073741824
Narrow klass base: 0x0000000000000000, Narrow klass shift: 3, Narrow klass range: 0x140000000

GC Precious Log:
 CPUs: 4 total, 4 available
 Memory: 4010M
 Large Page Support: Disabled
 NUMA Support: Disabled
 Compressed Oops: Enabled (32-bit)
 Heap Region Size: 1M
 Heap Min Capacity: 8M
 Heap Initial Capacity: 64M
 Heap Max Capacity: 1G
 Pre-touch: Disabled
 Parallel Workers: 4
 Concurrent Workers: 1
 Concurrent Refinement Workers: 4
 Periodic GC: Disabled

Heap:
 garbage-first heap   total 102400K, used 51425K [0x00000000c0000000, 0x0000000100000000)
  region size 1024K, 22 young (22528K), 0 survivors (0K)
 Metaspace       used 55626K, committed 56064K, reserved 1114112K
  class space    used 6954K, committed 7168K, reserved 1048576K

Heap Regions: E=young(eden), S=young(survivor), O=old, HS=humongous(starts), HC=humongous(continues), CS=collection set, F=free, OA=open archive, CA=closed archive, TAMS=top-at-mark-start (previous, next)
|   0|0x00000000c0000000, 0x00000000c0100000, 0x00000000c0100000|100%|HS|  |TAMS 0x00000000c0100000, 0x00000000c0000000| Untracked 
|   1|0x00000000c0100000, 0x00000000c0200000, 0x00000000c0200000|100%|HC|  |TAMS 0x00000000c0200000, 0x00000000c0100000| Untracked 
|   2|0x00000000c0200000, 0x00000000c0300000, 0x00000000c0300000|100%|HC|  |TAMS 0x00000000c0300000, 0x00000000c0200000| Untracked 
|   3|0x00000000c0300000, 0x00000000c0400000, 0x00000000c0400000|100%|HC|  |TAMS 0x00000000c0400000, 0x00000000c0300000| Untracked 
|   4|0x00000000c0400000, 0x00000000c0500000, 0x00000000c0500000|100%| O|  |TAMS 0x00000000c0500000, 0x00000000c0400000| Untracked 
|   5|0x00000000c0500000, 0x00000000c0600000, 0x00000000c0600000|100%| O|  |TAMS 0x00000000c0600000, 0x00000000c0500000| Untracked 
|   6|0x00000000c0600000, 0x00000000c0700000, 0x00000000c0700000|100%| O|  |TAMS 0x00000000c0700000, 0x00000000c0600000| Untracked 
|   7|0x00000000c0700000, 0x00000000c0800000, 0x00000000c0800000|100%| O|  |TAMS 0x00000000c0800000, 0x00000000c0700000| Untracked 
|   8|0x00000000c0800000, 0x00000000c0900000, 0x00000000c0900000|100%| O|  |TAMS 0x00000000c0900000, 0x00000000c0800000| Untracked 
|   9|0x00000000c0900000, 0x00000000c0a00000, 0x00000000c0a00000|100%| O|  |TAMS 0x00000000c0a00000, 0x00000000c0900000| Untracked 
|  10|0x00000000c0a00000, 0x00000000c0b00000, 0x00000000c0b00000|100%|HS|  |TAMS 0x00000000c0b00000, 0x00000000c0a00000| Untracked 
|  11|0x00000000c0b00000, 0x00000000c0c00000, 0x00000000c0c00000|100%|HC|  |TAMS 0x00000000c0c00000, 0x00000000c0b00000| Untracked 
|  12|0x00000000c0c00000, 0x00000000c0cffff8, 0x00000000c0d00000| 99%| O|  |TAMS 0x00000000c0cffff8, 0x00000000c0c00000| Untracked 
|  13|0x00000000c0d00000, 0x00000000c0dfffc8, 0x00000000c0e00000| 99%| O|  |TAMS 0x00000000c0dfffc8, 0x00000000c0d00000| Untracked 
|  14|0x00000000c0e00000, 0x00000000c0effff0, 0x00000000c0f00000| 99%| O|  |TAMS 0x00000000c0effff0, 0x00000000c0e00000| Untracked 
|  15|0x00000000c0f00000, 0x00000000c0fffff8, 0x00000000c1000000| 99%| O|  |TAMS 0x00000000c0fffff8, 0x00000000c0f00000| Untracked 
|  16|0x00000000c1000000, 0x00000000c10ffff8, 0x00000000c1100000| 99%| O|  |TAMS 0x00000000c10ffff8, 0x00000000c1000000| Untracked 
|  17|0x00000000c1100000, 0x00000000c1200000, 0x00000000c1200000|100%| O|  |TAMS 0x00000000c1200000, 0x00000000c1100000| Untracked 
|  18|0x00000000c1200000, 0x00000000c12fffd0, 0x00000000c1300000| 99%| O|  |TAMS 0x00000000c12fffd0, 0x00000000c1200000| Untracked 
|  19|0x00000000c1300000, 0x00000000c1400000, 0x00000000c1400000|100%| O|  |TAMS 0x00000000c1400000, 0x00000000c1300000| Untracked 
|  20|0x00000000c1400000, 0x00000000c14ffff8, 0x00000000c1500000| 99%| O|  |TAMS 0x00000000c14ffff8, 0x00000000c1400000| Untracked 
|  21|0x00000000c1500000, 0x00000000c15fad98, 0x00000000c1600000| 97%| O|  |TAMS 0x00000000c15fad98, 0x00000000c1500000| Untracked 
|  22|0x00000000c1600000, 0x00000000c1700000, 0x00000000c1700000|100%| O|  |TAMS 0x00000000c1700000, 0x00000000c1600000| Untracked 
|  23|0x00000000c1700000, 0x00000000c1800000, 0x00000000c1800000|100%| O|  |TAMS 0x00000000c1800000, 0x00000000c1700000| Untracked 
|  24|0x00000000c1800000, 0x00000000c18fffd0, 0x00000000c1900000| 99%| O|  |TAMS 0x00000000c18fffd0, 0x00000000c1800000| Untracked 
|  25|0x00000000c1900000, 0x00000000c19fffe8, 0x00000000c1a00000| 99%| O|  |TAMS 0x00000000c19fffe8, 0x00000000c1900000| Untracked 
|  26|0x00000000c1a00000, 0x00000000c1affff8, 0x00000000c1b00000| 99%| O|  |TAMS 0x00000000c1affff8, 0x00000000c1a00000| Untracked 
|  27|0x00000000c1b00000, 0x00000000c1b3d960, 0x00000000c1c00000| 24%| O|  |TAMS 0x00000000c1b00000, 0x00000000c1b00000| Untracked 
|  28|0x00000000c1c00000, 0x00000000c1cfffe0, 0x00000000c1d00000| 99%| O|  |TAMS 0x00000000c1cfffe0, 0x00000000c1c00000| Untracked 
|  29|0x00000000c1d00000, 0x00000000c1d00068, 0x00000000c1e00000|  0%| O|  |TAMS 0x00000000c1d00000, 0x00000000c1d00000| Untracked 
|  30|0x00000000c1e00000, 0x00000000c1f00000, 0x00000000c1f00000|100%|HS|  |TAMS 0x00000000c1e00000, 0x00000000c1e00000| Complete 
|  31|0x00000000c1f00000, 0x00000000c1f00000, 0x00000000c2000000|  0%| F|  |TAMS 0x00000000c1f00000, 0x00000000c1f00000| Untracked 
|  32|0x00000000c2000000, 0x00000000c2000000, 0x00000000c2100000|  0%| F|  |TAMS 0x00000000c2000000, 0x00000000c2000000| Untracked 
|  33|0x00000000c2100000, 0x00000000c2100000, 0x00000000c2200000|  0%| F|  |TAMS 0x00000000c2100000, 0x00000000c2100000| Untracked 
|  34|0x00000000c2200000, 0x00000000c2200000, 0x00000000c2300000|  0%| F|  |TAMS 0x00000000c2200000, 0x00000000c2200000| Untracked 
|  35|0x00000000c2300000, 0x00000000c2300000, 0x00000000c2400000|  0%| F|  |TAMS 0x00000000c2300000, 0x00000000c2300000| Untracked 
|  36|0x00000000c2400000, 0x00000000c2400000, 0x00000000c2500000|  0%| F|  |TAMS 0x00000000c2400000, 0x00000000c2400000| Untracked 
|  37|0x00000000c2500000, 0x00000000c2500000, 0x00000000c2600000|  0%| F|  |TAMS 0x00000000c2500000, 0x00000000c2500000| Untracked 
|  38|0x00000000c2600000, 0x00000000c2600000, 0x00000000c2700000|  0%| F|  |TAMS 0x00000000c2600000, 0x00000000c2600000| Untracked 
|  39|0x00000000c2700000, 0x00000000c2700000, 0x00000000c2800000|  0%| F|  |TAMS 0x00000000c2700000, 0x00000000c2700000| Untracked 
|  40|0x00000000c2800000, 0x00000000c2800000, 0x00000000c2900000|  0%| F|  |TAMS 0x00000000c2800000, 0x00000000c2800000| Untracked 
|  41|0x00000000c2900000, 0x00000000c2900000, 0x00000000c2a00000|  0%| F|  |TAMS 0x00000000c2900000, 0x00000000c2900000| Untracked 
|  42|0x00000000c2a00000, 0x00000000c2a00000, 0x00000000c2b00000|  0%| F|  |TAMS 0x00000000c2a00000, 0x00000000c2a00000| Untracked 
|  43|0x00000000c2b00000, 0x00000000c2b00000, 0x00000000c2c00000|  0%| F|  |TAMS 0x00000000c2b00000, 0x00000000c2b00000| Untracked 
|  44|0x00000000c2c00000, 0x00000000c2c00000, 0x00000000c2d00000|  0%| F|  |TAMS 0x00000000c2c00000, 0x00000000c2c00000| Untracked 
|  45|0x00000000c2d00000, 0x00000000c2d00000, 0x00000000c2e00000|  0%| F|  |TAMS 0x00000000c2d00000, 0x00000000c2d00000| Untracked 
|  46|0x00000000c2e00000, 0x00000000c2e00000, 0x00000000c2f00000|  0%| F|  |TAMS 0x00000000c2e00000, 0x00000000c2e00000| Untracked 
|  47|0x00000000c2f00000, 0x00000000c2f00000, 0x00000000c3000000|  0%| F|  |TAMS 0x00000000c2f00000, 0x00000000c2f00000| Untracked 
|  48|0x00000000c3000000, 0x00000000c3000000, 0x00000000c3100000|  0%| F|  |TAMS 0x00000000c3000000, 0x00000000c3000000| Untracked 
|  49|0x00000000c3100000, 0x00000000c3100000, 0x00000000c3200000|  0%| F|  |TAMS 0x00000000c3100000, 0x00000000c3100000| Untracked 
|  50|0x00000000c3200000, 0x00000000c3200000, 0x00000000c3300000|  0%| F|  |TAMS 0x00000000c3200000, 0x00000000c3200000| Untracked 
|  51|0x00000000c3300000, 0x00000000c3400000, 0x00000000c3400000|100%| O|  |TAMS 0x00000000c3400000, 0x00000000c3300000| Untracked 
|  52|0x00000000c3400000, 0x00000000c3400000, 0x00000000c3500000|  0%| F|  |TAMS 0x00000000c3400000, 0x00000000c3400000| Untracked 
|  53|0x00000000c3500000, 0x00000000c3500000, 0x00000000c3600000|  0%| F|  |TAMS 0x00000000c3500000, 0x00000000c3500000| Untracked 
|  54|0x00000000c3600000, 0x00000000c3600000, 0x00000000c3700000|  0%| F|  |TAMS 0x00000000c3600000, 0x00000000c3600000| Untracked 
|  55|0x00000000c3700000, 0x00000000c3700000, 0x00000000c3800000|  0%| F|  |TAMS 0x00000000c3700000, 0x00000000c3700000| Untracked 
|  56|0x00000000c3800000, 0x00000000c3800000, 0x00000000c3900000|  0%| F|  |TAMS 0x00000000c3800000, 0x00000000c3800000| Untracked 
|  57|0x00000000c3900000, 0x00000000c3900000, 0x00000000c3a00000|  0%| F|  |TAMS 0x00000000c3900000, 0x00000000c3900000| Untracked 
|  58|0x00000000c3a00000, 0x00000000c3a00000, 0x00000000c3b00000|  0%| F|  |TAMS 0x00000000c3a00000, 0x00000000c3a00000| Untracked 
|  59|0x00000000c3b00000, 0x00000000c3b00000, 0x00000000c3c00000|  0%| F|  |TAMS 0x00000000c3b00000, 0x00000000c3b00000| Untracked 
|  60|0x00000000c3c00000, 0x00000000c3c00000, 0x00000000c3d00000|  0%| F|  |TAMS 0x00000000c3c00000, 0x00000000c3c00000| Untracked 
|  61|0x00000000c3d00000, 0x00000000c3d00000, 0x00000000c3e00000|  0%| F|  |TAMS 0x00000000c3d00000, 0x00000000c3d00000| Untracked 
|  62|0x00000000c3e00000, 0x00000000c3e00000, 0x00000000c3f00000|  0%| F|  |TAMS 0x00000000c3e00000, 0x00000000c3e00000| Untracked 
|  63|0x00000000c3f00000, 0x00000000c3f00000, 0x00000000c4000000|  0%| F|  |TAMS 0x00000000c3f00000, 0x00000000c3f00000| Untracked 
|  64|0x00000000c4000000, 0x00000000c4000000, 0x00000000c4100000|  0%| F|  |TAMS 0x00000000c4000000, 0x00000000c4000000| Untracked 
|  65|0x00000000c4100000, 0x00000000c4100000, 0x00000000c4200000|  0%| F|  |TAMS 0x00000000c4100000, 0x00000000c4100000| Untracked 
|  66|0x00000000c4200000, 0x00000000c4200000, 0x00000000c4300000|  0%| F|  |TAMS 0x00000000c4200000, 0x00000000c4200000| Untracked 
|  67|0x00000000c4300000, 0x00000000c4300000, 0x00000000c4400000|  0%| F|  |TAMS 0x00000000c4300000, 0x00000000c4300000| Untracked 
|  68|0x00000000c4400000, 0x00000000c4400000, 0x00000000c4500000|  0%| F|  |TAMS 0x00000000c4400000, 0x00000000c4400000| Untracked 
|  69|0x00000000c4500000, 0x00000000c4500000, 0x00000000c4600000|  0%| F|  |TAMS 0x00000000c4500000, 0x00000000c4500000| Untracked 
|  70|0x00000000c4600000, 0x00000000c4600000, 0x00000000c4700000|  0%| F|  |TAMS 0x00000000c4600000, 0x00000000c4600000| Untracked 
|  71|0x00000000c4700000, 0x00000000c4700000, 0x00000000c4800000|  0%| F|  |TAMS 0x00000000c4700000, 0x00000000c4700000| Untracked 
|  72|0x00000000c4800000, 0x00000000c4800000, 0x00000000c4900000|  0%| F|  |TAMS 0x00000000c4800000, 0x00000000c4800000| Untracked 
|  73|0x00000000c4900000, 0x00000000c4900000, 0x00000000c4a00000|  0%| F|  |TAMS 0x00000000c4900000, 0x00000000c4900000| Untracked 
|  74|0x00000000c4a00000, 0x00000000c4a00000, 0x00000000c4b00000|  0%| F|  |TAMS 0x00000000c4a00000, 0x00000000c4a00000| Untracked 
|  75|0x00000000c4b00000, 0x00000000c4b00000, 0x00000000c4c00000|  0%| F|  |TAMS 0x00000000c4b00000, 0x00000000c4b00000| Untracked 
|  76|0x00000000c4c00000, 0x00000000c4c00000, 0x00000000c4d00000|  0%| F|  |TAMS 0x00000000c4c00000, 0x00000000c4c00000| Untracked 
|  77|0x00000000c4d00000, 0x00000000c4d00000, 0x00000000c4e00000|  0%| F|  |TAMS 0x00000000c4d00000, 0x00000000c4d00000| Untracked 
|  78|0x00000000c4e00000, 0x00000000c4e58a48, 0x00000000c4f00000| 34%| E|  |TAMS 0x00000000c4e00000, 0x00000000c4e00000| Complete 
|  79|0x00000000c4f00000, 0x00000000c5000000, 0x00000000c5000000|100%| E|CS|TAMS 0x00000000c4f00000, 0x00000000c4f00000| Complete 
|  80|0x00000000c5000000, 0x00000000c5100000, 0x00000000c5100000|100%| E|CS|TAMS 0x00000000c5000000, 0x00000000c5000000| Complete 
|  81|0x00000000c5100000, 0x00000000c5200000, 0x00000000c5200000|100%| E|CS|TAMS 0x00000000c5100000, 0x00000000c5100000| Complete 
|  82|0x00000000c5200000, 0x00000000c5300000, 0x00000000c5300000|100%| E|CS|TAMS 0x00000000c5200000, 0x00000000c5200000| Complete 
|  83|0x00000000c5300000, 0x00000000c5400000, 0x00000000c5400000|100%| E|CS|TAMS 0x00000000c5300000, 0x00000000c5300000| Complete 
|  84|0x00000000c5400000, 0x00000000c5500000, 0x00000000c5500000|100%| E|CS|TAMS 0x00000000c5400000, 0x00000000c5400000| Complete 
|  85|0x00000000c5500000, 0x00000000c5600000, 0x00000000c5600000|100%| E|CS|TAMS 0x00000000c5500000, 0x00000000c5500000| Complete 
|  86|0x00000000c5600000, 0x00000000c5700000, 0x00000000c5700000|100%| E|CS|TAMS 0x00000000c5600000, 0x00000000c5600000| Complete 
|  87|0x00000000c5700000, 0x00000000c5800000, 0x00000000c5800000|100%| E|CS|TAMS 0x00000000c5700000, 0x00000000c5700000| Complete 
|  88|0x00000000c5800000, 0x00000000c5900000, 0x00000000c5900000|100%| E|CS|TAMS 0x00000000c5800000, 0x00000000c5800000| Complete 
|  89|0x00000000c5900000, 0x00000000c5a00000, 0x00000000c5a00000|100%| E|CS|TAMS 0x00000000c5900000, 0x00000000c5900000| Complete 
|  90|0x00000000c5a00000, 0x00000000c5b00000, 0x00000000c5b00000|100%| E|CS|TAMS 0x00000000c5a00000, 0x00000000c5a00000| Complete 
|  91|0x00000000c5b00000, 0x00000000c5c00000, 0x00000000c5c00000|100%| E|CS|TAMS 0x00000000c5b00000, 0x00000000c5b00000| Complete 
|  92|0x00000000c5c00000, 0x00000000c5d00000, 0x00000000c5d00000|100%| E|CS|TAMS 0x00000000c5c00000, 0x00000000c5c00000| Complete 
|  93|0x00000000c5d00000, 0x00000000c5e00000, 0x00000000c5e00000|100%| E|CS|TAMS 0x00000000c5d00000, 0x00000000c5d00000| Complete 
|  94|0x00000000c5e00000, 0x00000000c5f00000, 0x00000000c5f00000|100%| E|CS|TAMS 0x00000000c5e00000, 0x00000000c5e00000| Complete 
|  95|0x00000000c5f00000, 0x00000000c6000000, 0x00000000c6000000|100%| E|CS|TAMS 0x00000000c5f00000, 0x00000000c5f00000| Complete 
|  96|0x00000000c6000000, 0x00000000c6100000, 0x00000000c6100000|100%| E|CS|TAMS 0x00000000c6000000, 0x00000000c6000000| Complete 
|  97|0x00000000c6100000, 0x00000000c6200000, 0x00000000c6200000|100%| E|CS|TAMS 0x00000000c6100000, 0x00000000c6100000| Complete 
|  98|0x00000000c6200000, 0x00000000c6300000, 0x00000000c6300000|100%| E|  |TAMS 0x00000000c6200000, 0x00000000c6200000| Complete 
|  99|0x00000000c6300000, 0x00000000c6400000, 0x00000000c6400000|100%| E|CS|TAMS 0x00000000c6300000, 0x00000000c6300000| Complete 

Card table byte_map: [0x0000028147460000,0x0000028147660000] _byte_map_base: 0x0000028146e60000

Marking Bits (Prev, Next): (CMBitMap*) 0x0000028141806630, (CMBitMap*) 0x0000028141806670
 Prev Bits: [0x0000028147860000, 0x0000028148860000)
 Next Bits: [0x0000028148860000, 0x0000028149860000)

Polling page: 0x0000028140f80000

Metaspace:

Usage:
  Non-class:     47.53 MB used.
      Class:      6.79 MB used.
       Both:     54.32 MB used.

Virtual space:
  Non-class space:       64.00 MB reserved,      47.75 MB ( 75%) committed,  1 nodes.
      Class space:        1.00 GB reserved,       7.00 MB ( <1%) committed,  1 nodes.
             Both:        1.06 GB reserved,      54.75 MB (  5%) committed. 

Chunk freelists:
   Non-Class:  15.47 MB
       Class:  9.06 MB
        Both:  24.53 MB

MaxMetaspaceSize: unlimited
CompressedClassSpaceSize: 1.00 GB
Initial GC threshold: 21.00 MB
Current GC threshold: 91.06 MB
CDS: off
MetaspaceReclaimPolicy: balanced
 - commit_granule_bytes: 65536.
 - commit_granule_words: 8192.
 - virtual_space_node_default_size: 8388608.
 - enlarge_chunks_in_place: 1.
 - new_chunks_are_fully_committed: 0.
 - uncommit_free_chunks: 1.
 - use_allocation_guard: 0.
 - handle_deallocations: 1.


Internal statistics:

num_allocs_failed_limit: 6.
num_arena_births: 1126.
num_arena_deaths: 608.
num_vsnodes_births: 2.
num_vsnodes_deaths: 0.
num_space_committed: 876.
num_space_uncommitted: 0.
num_chunks_returned_to_freelist: 803.
num_chunks_taken_from_freelist: 3161.
num_chunk_merges: 179.
num_chunk_splits: 1862.
num_chunks_enlarged: 1320.
num_inconsistent_stats: 0.

CodeCache: size=49152Kb used=22669Kb max_used=23168Kb free=26482Kb
 bounds [0x0000028144460000, 0x0000028145b40000, 0x0000028147460000]
 total_blobs=11766 nmethods=11121 adapters=566
 compilation: enabled
              stopped_count=0, restarted_count=0
 full_count=0

Compilation events (20 events):
Event: 70338.811 Thread 0x000002814be6b310 11196       1       org.springframework.ide.vscode.boot.java.handlers.BootJavaCompletionEngine::collectCompletionsForAnnotations (100 bytes)
Event: 70338.823 Thread 0x000002814be6b310 nmethod 11196 0x0000028145ad4890 code [0x0000028145ad4a60, 0x0000028145ad4d78]
Event: 70338.823 Thread 0x000002814be6b310 11200       1       org.springframework.ide.vscode.boot.java.snippets.JavaSnippetManager::getCompletions (188 bytes)
Event: 70338.882 Thread 0x000002814be6b310 nmethod 11200 0x0000028145ad2e10 code [0x0000028145ad3180, 0x0000028145ad3eb8]
Event: 70641.803 Thread 0x000002814be6b310 11202       1       org.springframework.ide.vscode.commons.util.text.linetracker.TreeLineTracker::<init> (175 bytes)
Event: 70641.831 Thread 0x000002814be6b310 nmethod 11202 0x0000028145ad2410 code [0x0000028145ad2620, 0x0000028145ad2b68]
Event: 70641.831 Thread 0x000002814be6b310 11203       1       org.springframework.ide.vscode.commons.util.text.linetracker.ListLineTracker::getLines (5 bytes)
Event: 70641.832 Thread 0x000002814be6b310 nmethod 11203 0x0000028145ad2110 code [0x0000028145ad22a0, 0x0000028145ad2378]
Event: 70649.623 Thread 0x000002814be6b310 11204       1       org.eclipse.jdt.core.dom.MemberValuePair::setName (41 bytes)
Event: 70649.629 Thread 0x000002814be6b310 nmethod 11204 0x0000028145ad1c10 code [0x0000028145ad1dc0, 0x0000028145ad1fe8]
Event: 70649.629 Thread 0x000002814be6b310 11205       1       org.eclipse.jdt.core.dom.MemberValuePair::setValue (41 bytes)
Event: 70649.631 Thread 0x000002814be6b310 nmethod 11205 0x0000028145ad1710 code [0x0000028145ad18c0, 0x0000028145ad1ae8]
Event: 70660.621 Thread 0x000002814be6b310 11206       1       com.google.common.cache.LocalCache$LoadingValueReference::isLoading (2 bytes)
Event: 70660.623 Thread 0x000002814be6b310 nmethod 11206 0x0000028145ad1410 code [0x0000028145ad15a0, 0x0000028145ad1678]
Event: 70753.925 Thread 0x000002814be6b310 11207   !   1       reactor.core.publisher.FluxSubscribeOnCallable$CallableSubscribeOnSubscription::run (150 bytes)
Event: 70753.976 Thread 0x000002814be6b310 nmethod 11207 0x0000028145ad0b10 code [0x0000028145ad0d40, 0x0000028145ad1218]
Event: 70849.388 Thread 0x000002814be6b310 11208       1       org.springframework.ide.vscode.commons.util.text.linetracker.TreeLineTracker::replaceFromTo (224 bytes)
Event: 70849.412 Thread 0x000002814be6b310 nmethod 11208 0x0000028145acfc10 code [0x0000028145acfe60, 0x0000028145ad0448]
Event: 70849.413 Thread 0x000002814be6b310 11209       1       org.springframework.ide.vscode.commons.util.text.linetracker.TreeLineTracker::join (24 bytes)
Event: 70849.413 Thread 0x000002814be6b310 nmethod 11209 0x0000028145acf810 code [0x0000028145acf9c0, 0x0000028145acfaf8]

GC Heap History (20 events):
Event: 70806.779 GC heap before
{Heap before GC invocations=2325 (full 1708):
 garbage-first heap   total 102400K, used 54148K [0x00000000c0000000, 0x0000000100000000)
  region size 1024K, 17 young (17408K), 5 survivors (5120K)
 Metaspace       used 55626K, committed 56064K, reserved 1114112K
  class space    used 6954K, committed 7168K, reserved 1048576K
}
Event: 70807.223 GC heap after
{Heap after GC invocations=2326 (full 1709):
 garbage-first heap   total 102400K, used 37033K [0x00000000c0000000, 0x0000000100000000)
  region size 1024K, 0 young (0K), 0 survivors (0K)
 Metaspace       used 55626K, committed 56064K, reserved 1114112K
  class space    used 6954K, committed 7168K, reserved 1048576K
}
Event: 70817.792 GC heap before
{Heap before GC invocations=2326 (full 1709):
 garbage-first heap   total 102400K, used 37033K [0x00000000c0000000, 0x0000000100000000)
  region size 1024K, 1 young (1024K), 0 survivors (0K)
 Metaspace       used 55626K, committed 56064K, reserved 1114112K
  class space    used 6954K, committed 7168K, reserved 1048576K
}
Event: 70817.887 GC heap after
{Heap after GC invocations=2327 (full 1710):
 garbage-first heap   total 102400K, used 36980K [0x00000000c0000000, 0x0000000100000000)
  region size 1024K, 0 young (0K), 0 survivors (0K)
 Metaspace       used 55626K, committed 56064K, reserved 1114112K
  class space    used 6954K, committed 7168K, reserved 1048576K
}
Event: 70828.069 GC heap before
{Heap before GC invocations=2327 (full 1710):
 garbage-first heap   total 102400K, used 36980K [0x00000000c0000000, 0x0000000100000000)
  region size 1024K, 1 young (1024K), 0 survivors (0K)
 Metaspace       used 55626K, committed 56064K, reserved 1114112K
  class space    used 6954K, committed 7168K, reserved 1048576K
}
Event: 70828.133 GC heap after
{Heap after GC invocations=2328 (full 1711):
 garbage-first heap   total 102400K, used 36980K [0x00000000c0000000, 0x0000000100000000)
  region size 1024K, 0 young (0K), 0 survivors (0K)
 Metaspace       used 55626K, committed 56064K, reserved 1114112K
  class space    used 6954K, committed 7168K, reserved 1048576K
}
Event: 70838.416 GC heap before
{Heap before GC invocations=2328 (full 1711):
 garbage-first heap   total 102400K, used 36980K [0x00000000c0000000, 0x0000000100000000)
  region size 1024K, 1 young (1024K), 0 survivors (0K)
 Metaspace       used 55626K, committed 56064K, reserved 1114112K
  class space    used 6954K, committed 7168K, reserved 1048576K
}
Event: 70838.472 GC heap after
{Heap after GC invocations=2329 (full 1712):
 garbage-first heap   total 102400K, used 36980K [0x00000000c0000000, 0x0000000100000000)
  region size 1024K, 0 young (0K), 0 survivors (0K)
 Metaspace       used 55626K, committed 56064K, reserved 1114112K
  class space    used 6954K, committed 7168K, reserved 1048576K
}
Event: 70888.807 GC heap before
{Heap before GC invocations=2329 (full 1712):
 garbage-first heap   total 102400K, used 69748K [0x00000000c0000000, 0x0000000100000000)
  region size 1024K, 33 young (33792K), 0 survivors (0K)
 Metaspace       used 55626K, committed 56064K, reserved 1114112K
  class space    used 6954K, committed 7168K, reserved 1048576K
}
Event: 70889.321 GC heap after
{Heap after GC invocations=2330 (full 1713):
 garbage-first heap   total 102400K, used 35756K [0x00000000c0000000, 0x0000000100000000)
  region size 1024K, 0 young (0K), 0 survivors (0K)
 Metaspace       used 55626K, committed 56064K, reserved 1114112K
  class space    used 6954K, committed 7168K, reserved 1048576K
}
Event: 70899.572 GC heap before
{Heap before GC invocations=2330 (full 1713):
 garbage-first heap   total 102400K, used 35756K [0x00000000c0000000, 0x0000000100000000)
  region size 1024K, 1 young (1024K), 0 survivors (0K)
 Metaspace       used 55626K, committed 56064K, reserved 1114112K
  class space    used 6954K, committed 7168K, reserved 1048576K
}
Event: 70899.650 GC heap after
{Heap after GC invocations=2331 (full 1714):
 garbage-first heap   total 102400K, used 30283K [0x00000000c0000000, 0x0000000100000000)
  region size 1024K, 0 young (0K), 0 survivors (0K)
 Metaspace       used 55626K, committed 56064K, reserved 1114112K
  class space    used 6954K, committed 7168K, reserved 1048576K
}
Event: 70910.018 GC heap before
{Heap before GC invocations=2331 (full 1714):
 garbage-first heap   total 102400K, used 30283K [0x00000000c0000000, 0x0000000100000000)
  region size 1024K, 1 young (1024K), 0 survivors (0K)
 Metaspace       used 55626K, committed 56064K, reserved 1114112K
  class space    used 6954K, committed 7168K, reserved 1048576K
}
Event: 70910.096 GC heap after
{Heap after GC invocations=2332 (full 1715):
 garbage-first heap   total 102400K, used 30282K [0x00000000c0000000, 0x0000000100000000)
  region size 1024K, 0 young (0K), 0 survivors (0K)
 Metaspace       used 55626K, committed 56064K, reserved 1114112K
  class space    used 6954K, committed 7168K, reserved 1048576K
}
Event: 70920.288 GC heap before
{Heap before GC invocations=2332 (full 1715):
 garbage-first heap   total 102400K, used 30282K [0x00000000c0000000, 0x0000000100000000)
  region size 1024K, 1 young (1024K), 0 survivors (0K)
 Metaspace       used 55626K, committed 56064K, reserved 1114112K
  class space    used 6954K, committed 7168K, reserved 1048576K
}
Event: 70920.361 GC heap after
{Heap after GC invocations=2333 (full 1716):
 garbage-first heap   total 102400K, used 29921K [0x00000000c0000000, 0x0000000100000000)
  region size 1024K, 0 young (0K), 0 survivors (0K)
 Metaspace       used 55626K, committed 56064K, reserved 1114112K
  class space    used 6954K, committed 7168K, reserved 1048576K
}
Event: 70930.538 GC heap before
{Heap before GC invocations=2333 (full 1716):
 garbage-first heap   total 102400K, used 29921K [0x00000000c0000000, 0x0000000100000000)
  region size 1024K, 1 young (1024K), 0 survivors (0K)
 Metaspace       used 55626K, committed 56064K, reserved 1114112K
  class space    used 6954K, committed 7168K, reserved 1048576K
}
Event: 70930.594 GC heap after
{Heap after GC invocations=2334 (full 1717):
 garbage-first heap   total 102400K, used 29921K [0x00000000c0000000, 0x0000000100000000)
  region size 1024K, 0 young (0K), 0 survivors (0K)
 Metaspace       used 55626K, committed 56064K, reserved 1114112K
  class space    used 6954K, committed 7168K, reserved 1048576K
}
Event: 70940.761 GC heap before
{Heap before GC invocations=2334 (full 1717):
 garbage-first heap   total 102400K, used 29921K [0x00000000c0000000, 0x0000000100000000)
  region size 1024K, 1 young (1024K), 0 survivors (0K)
 Metaspace       used 55626K, committed 56064K, reserved 1114112K
  class space    used 6954K, committed 7168K, reserved 1048576K
}
Event: 70940.830 GC heap after
{Heap after GC invocations=2335 (full 1718):
 garbage-first heap   total 102400K, used 29921K [0x00000000c0000000, 0x0000000100000000)
  region size 1024K, 0 young (0K), 0 survivors (0K)
 Metaspace       used 55626K, committed 56064K, reserved 1114112K
  class space    used 6954K, committed 7168K, reserved 1048576K
}

Dll operation events (9 events):
Event: 0.526 Loaded shared library c:\Users\LENOVO\.vscode\extensions\redhat.java-1.30.0-win32-x64\jre\17.0.10-win32-x86_64\bin\java.dll
Event: 2.603 Loaded shared library C:\Users\LENOVO\.vscode\extensions\redhat.java-1.30.0-win32-x64\jre\17.0.10-win32-x86_64\bin\net.dll
Event: 2.607 Loaded shared library C:\Users\LENOVO\.vscode\extensions\redhat.java-1.30.0-win32-x64\jre\17.0.10-win32-x86_64\bin\nio.dll
Event: 6.210 Loaded shared library C:\Users\LENOVO\.vscode\extensions\redhat.java-1.30.0-win32-x64\jre\17.0.10-win32-x86_64\bin\zip.dll
Event: 43.570 Loaded shared library C:\Users\LENOVO\.vscode\extensions\redhat.java-1.30.0-win32-x64\jre\17.0.10-win32-x86_64\bin\jimage.dll
Event: 46.131 Loaded shared library c:\Users\LENOVO\.vscode\extensions\redhat.java-1.30.0-win32-x64\jre\17.0.10-win32-x86_64\bin\verify.dll
Event: 52.510 Loaded shared library C:\Users\LENOVO\.vscode\extensions\redhat.java-1.30.0-win32-x64\jre\17.0.10-win32-x86_64\bin\management.dll
Event: 52.516 Loaded shared library C:\Users\LENOVO\.vscode\extensions\redhat.java-1.30.0-win32-x64\jre\17.0.10-win32-x86_64\bin\management_ext.dll
Event: 57.084 Loaded shared library C:\Users\LENOVO\.vscode\extensions\redhat.java-1.30.0-win32-x64\jre\17.0.10-win32-x86_64\bin\sunmscapi.dll

Deoptimization events (20 events):
Event: 57.973 Thread 0x000002815180f580 DEOPT PACKING pc=0x0000028144d7c28c sp=0x000000d00b1fe500
Event: 57.973 Thread 0x000002815180f580 DEOPT UNPACKING pc=0x00000281444b7143 sp=0x000000d00b1fda38 mode 0
Event: 58.164 Thread 0x000002815180f580 DEOPT PACKING pc=0x0000028144e021a4 sp=0x000000d00b1fd6a0
Event: 58.164 Thread 0x000002815180f580 DEOPT UNPACKING pc=0x00000281444b7143 sp=0x000000d00b1fcd90 mode 0
Event: 58.693 Thread 0x00000281518113e0 DEOPT PACKING pc=0x0000028144b37824 sp=0x000000d00b5ff190
Event: 58.693 Thread 0x00000281518113e0 DEOPT UNPACKING pc=0x00000281444b7143 sp=0x000000d00b5fe678 mode 0
Event: 58.693 Thread 0x0000028151812310 DEOPT PACKING pc=0x0000028144b37824 sp=0x000000d00b8fefd0
Event: 58.694 Thread 0x0000028151812310 DEOPT UNPACKING pc=0x00000281444b7143 sp=0x000000d00b8fe4b8 mode 0
Event: 59.486 Thread 0x000002815180f580 DEOPT PACKING pc=0x0000028144f6f78c sp=0x000000d00b1fe040
Event: 59.486 Thread 0x000002815180f580 DEOPT UNPACKING pc=0x00000281444b7143 sp=0x000000d00b1fd5c0 mode 0
Event: 59.486 Thread 0x000002815180f580 DEOPT PACKING pc=0x0000028144f6f78c sp=0x000000d00b1fe2a0
Event: 59.486 Thread 0x000002815180f580 DEOPT UNPACKING pc=0x00000281444b7143 sp=0x000000d00b1fd820 mode 0
Event: 59.493 Thread 0x000002815180f580 DEOPT PACKING pc=0x0000028144f6f78c sp=0x000000d00b1fe720
Event: 59.493 Thread 0x000002815180f580 DEOPT UNPACKING pc=0x00000281444b7143 sp=0x000000d00b1fdca0 mode 0
Event: 262.481 Thread 0x00000281516099a0 DEOPT PACKING pc=0x0000028144a61dd4 sp=0x000000d00aaff130
Event: 262.482 Thread 0x00000281516099a0 DEOPT UNPACKING pc=0x00000281444b7143 sp=0x000000d00aafe5b8 mode 0
Event: 1874.135 Thread 0x0000028150aee4e0 DEOPT PACKING pc=0x000002814513ef64 sp=0x000000d00b7fe940
Event: 1874.136 Thread 0x0000028150aee4e0 DEOPT UNPACKING pc=0x00000281444b7143 sp=0x000000d00b7fde18 mode 0
Event: 3269.509 Thread 0x0000028150aef920 DEOPT PACKING pc=0x0000028144dc4aa6 sp=0x000000d008efdee0
Event: 3269.510 Thread 0x0000028150aef920 DEOPT UNPACKING pc=0x00000281444b7143 sp=0x000000d008efd468 mode 0

Classes unloaded (20 events):
Event: 69281.812 Thread 0x000002814be117b0 Unloading class 0x00000001003a0000 'jdk/internal/reflect/GeneratedMethodAccessor123'
Event: 69281.812 Thread 0x000002814be117b0 Unloading class 0x00000001003a1400 'jdk/internal/reflect/GeneratedConstructorAccessor108'
Event: 69281.812 Thread 0x000002814be117b0 Unloading class 0x00000001005d4000 'jdk/internal/reflect/GeneratedMethodAccessor122'
Event: 69281.812 Thread 0x000002814be117b0 Unloading class 0x0000000100554c00 'jdk/internal/reflect/GeneratedMethodAccessor121'
Event: 69281.812 Thread 0x000002814be117b0 Unloading class 0x000000010008e000 'jdk/internal/reflect/GeneratedMethodAccessor120'
Event: 70009.012 Thread 0x000002814be117b0 Unloading class 0x000000010008e000 'jdk/internal/reflect/GeneratedMethodAccessor129'
Event: 70009.012 Thread 0x000002814be117b0 Unloading class 0x0000000100554c00 'jdk/internal/reflect/GeneratedConstructorAccessor111'
Event: 70009.012 Thread 0x000002814be117b0 Unloading class 0x00000001005d4000 'jdk/internal/reflect/GeneratedMethodAccessor128'
Event: 70009.012 Thread 0x000002814be117b0 Unloading class 0x00000001003a1400 'jdk/internal/reflect/GeneratedConstructorAccessor110'
Event: 70009.012 Thread 0x000002814be117b0 Unloading class 0x00000001003a0000 'jdk/internal/reflect/GeneratedMethodAccessor127'
Event: 70009.012 Thread 0x000002814be117b0 Unloading class 0x0000000100318400 'jdk/internal/reflect/GeneratedMethodAccessor126'
Event: 70009.012 Thread 0x000002814be117b0 Unloading class 0x00000001003a5400 'jdk/internal/reflect/GeneratedMethodAccessor125'
Event: 70040.528 Thread 0x000002814be117b0 Unloading class 0x0000000100088400 'jdk/internal/reflect/GeneratedConstructorAccessor112'
Event: 70428.769 Thread 0x000002814be117b0 Unloading class 0x0000000100318400 'jdk/internal/reflect/GeneratedMethodAccessor134'
Event: 70428.769 Thread 0x000002814be117b0 Unloading class 0x00000001003a0000 'jdk/internal/reflect/GeneratedConstructorAccessor114'
Event: 70428.769 Thread 0x000002814be117b0 Unloading class 0x00000001003a1400 'jdk/internal/reflect/GeneratedMethodAccessor133'
Event: 70428.769 Thread 0x000002814be117b0 Unloading class 0x00000001005d4000 'jdk/internal/reflect/GeneratedConstructorAccessor113'
Event: 70428.769 Thread 0x000002814be117b0 Unloading class 0x0000000100554c00 'jdk/internal/reflect/GeneratedMethodAccessor132'
Event: 70428.769 Thread 0x000002814be117b0 Unloading class 0x000000010008e000 'jdk/internal/reflect/GeneratedMethodAccessor131'
Event: 70428.769 Thread 0x000002814be117b0 Unloading class 0x0000000100088400 'jdk/internal/reflect/GeneratedMethodAccessor130'

Classes redefined (0 events):
No events

Internal exceptions (20 events):
Event: 69230.807 Thread 0x000002815180f580 Exception <a 'sun/nio/fs/WindowsException'{0x00000000c54e1718}> (0x00000000c54e1718) 
thrown [s\src\hotspot\share\prims\jni.cpp, line 516]
Event: 69230.807 Thread 0x000002815180f580 Exception <a 'sun/nio/fs/WindowsException'{0x00000000c54e2398}> (0x00000000c54e2398) 
thrown [s\src\hotspot\share\prims\jni.cpp, line 516]
Event: 69630.444 Thread 0x0000028150ae84b0 Implicit null exception at 0x00000281456505b7 to 0x00000281456506da
Event: 69630.468 Thread 0x0000028150ae84b0 Exception <a 'java/lang/NullPointerException'{0x00000000c51a7c68}> (0x00000000c51a7c68) 
thrown [s\src\hotspot\share\runtime\sharedRuntime.cpp, line 631]
Event: 69630.526 Thread 0x0000028150aecb90 Implicit null exception at 0x00000281456505b7 to 0x00000281456506da
Event: 69630.526 Thread 0x0000028150aecb90 Exception <a 'java/lang/NullPointerException'{0x00000000c51dd8c8}> (0x00000000c51dd8c8) 
thrown [s\src\hotspot\share\runtime\sharedRuntime.cpp, line 631]
Event: 69867.989 Thread 0x0000028150aeb240 Implicit null exception at 0x00000281456505b7 to 0x00000281456506da
Event: 69867.994 Thread 0x0000028150aeb240 Exception <a 'java/lang/NullPointerException'{0x00000000c5f76468}> (0x00000000c5f76468) 
thrown [s\src\hotspot\share\runtime\sharedRuntime.cpp, line 631]
Event: 69919.019 Thread 0x000002815180f580 Exception <a 'sun/nio/fs/WindowsException'{0x00000000c6190688}> (0x00000000c6190688) 
thrown [s\src\hotspot\share\prims\jni.cpp, line 516]
Event: 69919.022 Thread 0x000002815180f580 Exception <a 'sun/nio/fs/WindowsException'{0x00000000c61911d0}> (0x00000000c61911d0) 
thrown [s\src\hotspot\share\prims\jni.cpp, line 516]
Event: 69919.023 Thread 0x000002815180f580 Exception <a 'sun/nio/fs/WindowsException'{0x00000000c6191cc8}> (0x00000000c6191cc8) 
thrown [s\src\hotspot\share\prims\jni.cpp, line 516]
Event: 69919.023 Thread 0x000002815180f580 Exception <a 'sun/nio/fs/WindowsException'{0x00000000c6192810}> (0x00000000c6192810) 
thrown [s\src\hotspot\share\prims\jni.cpp, line 516]
Event: 69919.023 Thread 0x000002815180f580 Exception <a 'sun/nio/fs/WindowsException'{0x00000000c6193420}> (0x00000000c6193420) 
thrown [s\src\hotspot\share\prims\jni.cpp, line 516]
Event: 69919.023 Thread 0x000002815180f580 Exception <a 'sun/nio/fs/WindowsException'{0x00000000c61940a0}> (0x00000000c61940a0) 
thrown [s\src\hotspot\share\prims\jni.cpp, line 516]
Event: 70584.327 Thread 0x000002815180f580 Exception <a 'sun/nio/fs/WindowsException'{0x00000000c4ba4768}> (0x00000000c4ba4768) 
thrown [s\src\hotspot\share\prims\jni.cpp, line 516]
Event: 70584.329 Thread 0x000002815180f580 Exception <a 'sun/nio/fs/WindowsException'{0x00000000c4ba52b0}> (0x00000000c4ba52b0) 
thrown [s\src\hotspot\share\prims\jni.cpp, line 516]
Event: 70584.329 Thread 0x000002815180f580 Exception <a 'sun/nio/fs/WindowsException'{0x00000000c4ba5da8}> (0x00000000c4ba5da8) 
thrown [s\src\hotspot\share\prims\jni.cpp, line 516]
Event: 70584.329 Thread 0x000002815180f580 Exception <a 'sun/nio/fs/WindowsException'{0x00000000c4ba68f0}> (0x00000000c4ba68f0) 
thrown [s\src\hotspot\share\prims\jni.cpp, line 516]
Event: 70584.329 Thread 0x000002815180f580 Exception <a 'sun/nio/fs/WindowsException'{0x00000000c4ba7500}> (0x00000000c4ba7500) 
thrown [s\src\hotspot\share\prims\jni.cpp, line 516]
Event: 70584.330 Thread 0x000002815180f580 Exception <a 'sun/nio/fs/WindowsException'{0x00000000c4ba8180}> (0x00000000c4ba8180) 
thrown [s\src\hotspot\share\prims\jni.cpp, line 516]

VM Operations (20 events):
Event: 70825.447 Executing VM operation: HandshakeAllThreads done
Event: 70828.069 Executing VM operation: G1CollectFull
Event: 70828.134 Executing VM operation: G1CollectFull done
Event: 70838.416 Executing VM operation: G1CollectFull
Event: 70838.472 Executing VM operation: G1CollectFull done
Event: 70885.580 Executing VM operation: HandshakeAllThreads
Event: 70885.580 Executing VM operation: HandshakeAllThreads done
Event: 70888.804 Executing VM operation: G1CollectFull
Event: 70889.322 Executing VM operation: G1CollectFull done
Event: 70899.571 Executing VM operation: G1CollectFull
Event: 70899.650 Executing VM operation: G1CollectFull done
Event: 70910.018 Executing VM operation: G1CollectFull
Event: 70910.096 Executing VM operation: G1CollectFull done
Event: 70920.287 Executing VM operation: G1CollectFull
Event: 70920.361 Executing VM operation: G1CollectFull done
Event: 70930.538 Executing VM operation: G1CollectFull
Event: 70930.594 Executing VM operation: G1CollectFull done
Event: 70940.761 Executing VM operation: G1CollectFull
Event: 70940.830 Executing VM operation: G1CollectFull done
Event: 70980.992 Executing VM operation: G1CollectFull

Events (20 events):
Event: 70844.436 Thread 0x0000028150aeb750 Thread added: 0x0000028150aeb750
Event: 70844.452 Thread 0x0000028150aecb90 Thread added: 0x0000028150aecb90
Event: 70844.520 Thread 0x0000028150ae84b0 Thread added: 0x0000028150ae84b0
Event: 70844.597 Thread 0x0000028150aec170 Thread added: 0x0000028150aec170
Event: 70844.599 Thread 0x0000028150aef920 Thread added: 0x0000028150aef920
Event: 70844.963 Thread 0x0000028150aed0a0 Thread added: 0x0000028150aed0a0
Event: 70853.092 Thread 0x0000028150aed5b0 Thread added: 0x0000028150aed5b0
Event: 70905.190 Thread 0x0000028150ae84b0 Thread exited: 0x0000028150ae84b0
Event: 70910.164 Thread 0x0000028150aecb90 Thread exited: 0x0000028150aecb90
Event: 70910.181 Thread 0x0000028150aec170 Thread exited: 0x0000028150aec170
Event: 70910.185 Thread 0x0000028150aeb240 Thread exited: 0x0000028150aeb240
Event: 70910.186 Thread 0x0000028150aed0a0 Thread exited: 0x0000028150aed0a0
Event: 70910.187 Thread 0x0000028150aeb750 Thread exited: 0x0000028150aeb750
Event: 70911.719 Thread 0x0000028150aef920 Thread exited: 0x0000028150aef920
Event: 70913.426 Thread 0x0000028150aed5b0 Thread exited: 0x0000028150aed5b0
Event: 70915.356 Thread 0x0000028150ae9e00 Thread exited: 0x0000028150ae9e00
Event: 70944.593 Thread 0x0000028150aedac0 Thread added: 0x0000028150aedac0
Event: 70944.594 Thread 0x0000028150aeb240 Thread added: 0x0000028150aeb240
Event: 70944.601 Thread 0x0000028150aed5b0 Thread added: 0x0000028150aed5b0
Event: 70944.605 Thread 0x0000028150aecb90 Thread added: 0x0000028150aecb90


Dynamic libraries:
0x00007ff72ed70000 - 0x00007ff72ed7e000 	c:\Users\LENOVO\.vscode\extensions\redhat.java-1.30.0-win32-x64\jre\17.0.10-win32-x86_64\bin\java.exe
0x00007ffe43f10000 - 0x00007ffe44108000 	C:\Windows\SYSTEM32\ntdll.dll
0x00007ffe43e10000 - 0x00007ffe43ecd000 	C:\Windows\System32\KERNEL32.DLL
0x00007ffe41c40000 - 0x00007ffe41f36000 	C:\Windows\System32\KERNELBASE.dll
0x00007ffe41900000 - 0x00007ffe41a00000 	C:\Windows\System32\ucrtbase.dll
0x00007ffe328b0000 - 0x00007ffe328c7000 	c:\Users\LENOVO\.vscode\extensions\redhat.java-1.30.0-win32-x64\jre\17.0.10-win32-x86_64\bin\jli.dll
0x00007ffe431c0000 - 0x00007ffe4335f000 	C:\Windows\System32\USER32.dll
0x00007ffe41c10000 - 0x00007ffe41c32000 	C:\Windows\System32\win32u.dll
0x00007ffe434b0000 - 0x00007ffe434db000 	C:\Windows\System32\GDI32.dll
0x00007ffe41a50000 - 0x00007ffe41b67000 	C:\Windows\System32\gdi32full.dll
0x00007ffe41b70000 - 0x00007ffe41c0d000 	C:\Windows\System32\msvcp_win.dll
0x00007ffe32890000 - 0x00007ffe328ab000 	c:\Users\LENOVO\.vscode\extensions\redhat.java-1.30.0-win32-x64\jre\17.0.10-win32-x86_64\bin\VCRUNTIME140.dll
0x00007ffe2dfd0000 - 0x00007ffe2e26a000 	C:\Windows\WinSxS\amd64_microsoft.windows.common-controls_6595b64144ccf1df_6.0.19041.4355_none_60b8b9eb71f62e16\COMCTL32.dll
0x00007ffe43360000 - 0x00007ffe433fe000 	C:\Windows\System32\msvcrt.dll
0x00007ffe43400000 - 0x00007ffe43432000 	C:\Windows\System32\IMM32.DLL
0x00007ffe3d240000 - 0x00007ffe3d24c000 	c:\Users\LENOVO\.vscode\extensions\redhat.java-1.30.0-win32-x64\jre\17.0.10-win32-x86_64\bin\vcruntime140_1.dll
0x00007ffe20f70000 - 0x00007ffe20ffd000 	c:\Users\LENOVO\.vscode\extensions\redhat.java-1.30.0-win32-x64\jre\17.0.10-win32-x86_64\bin\msvcp140.dll
0x00007ffde65c0000 - 0x00007ffde7222000 	c:\Users\LENOVO\.vscode\extensions\redhat.java-1.30.0-win32-x64\jre\17.0.10-win32-x86_64\bin\server\jvm.dll
0x00007ffe42020000 - 0x00007ffe420d0000 	C:\Windows\System32\ADVAPI32.dll
0x00007ffe43c50000 - 0x00007ffe43cf0000 	C:\Windows\System32\sechost.dll
0x00007ffe434e0000 - 0x00007ffe43603000 	C:\Windows\System32\RPCRT4.dll
0x00007ffe41700000 - 0x00007ffe41727000 	C:\Windows\System32\bcrypt.dll
0x00007ffe40b40000 - 0x00007ffe40b8b000 	C:\Windows\SYSTEM32\POWRPROF.dll
0x00007ffe3e3d0000 - 0x00007ffe3e3d9000 	C:\Windows\SYSTEM32\WSOCK32.dll
0x00007ffe42540000 - 0x00007ffe425ab000 	C:\Windows\System32\WS2_32.dll
0x00007ffe2deb0000 - 0x00007ffe2ded7000 	C:\Windows\SYSTEM32\WINMM.dll
0x00007ffe34a20000 - 0x00007ffe34a2a000 	C:\Windows\SYSTEM32\VERSION.dll
0x00007ffe409b0000 - 0x00007ffe409c2000 	C:\Windows\SYSTEM32\UMPDC.dll
0x00007ffe3f440000 - 0x00007ffe3f452000 	C:\Windows\SYSTEM32\kernel.appcore.dll
0x00007ffe3d0e0000 - 0x00007ffe3d0ea000 	c:\Users\LENOVO\.vscode\extensions\redhat.java-1.30.0-win32-x64\jre\17.0.10-win32-x86_64\bin\jimage.dll
0x00007ffe30d70000 - 0x00007ffe30f54000 	C:\Windows\SYSTEM32\DBGHELP.DLL
0x00007ffe30c30000 - 0x00007ffe30c64000 	C:\Windows\SYSTEM32\dbgcore.DLL
0x00007ffe415c0000 - 0x00007ffe41642000 	C:\Windows\System32\bcryptPrimitives.dll
0x00007ffe32730000 - 0x00007ffe32755000 	c:\Users\LENOVO\.vscode\extensions\redhat.java-1.30.0-win32-x64\jre\17.0.10-win32-x86_64\bin\java.dll
0x00007ffe327e0000 - 0x00007ffe327f8000 	c:\Users\LENOVO\.vscode\extensions\redhat.java-1.30.0-win32-x64\jre\17.0.10-win32-x86_64\bin\zip.dll
0x00007ffe425b0000 - 0x00007ffe42d1b000 	C:\Windows\System32\SHELL32.dll
0x00007ffe3f640000 - 0x00007ffe3fddd000 	C:\Windows\SYSTEM32\windows.storage.dll
0x00007ffe43610000 - 0x00007ffe43963000 	C:\Windows\System32\combase.dll
0x00007ffe40fe0000 - 0x00007ffe4100e000 	C:\Windows\SYSTEM32\Wldp.dll
0x00007ffe42d80000 - 0x00007ffe42e4d000 	C:\Windows\System32\OLEAUT32.dll
0x00007ffe41f70000 - 0x00007ffe4201d000 	C:\Windows\System32\SHCORE.dll
0x00007ffe43450000 - 0x00007ffe434a5000 	C:\Windows\System32\shlwapi.dll
0x00007ffe414f0000 - 0x00007ffe41514000 	C:\Windows\SYSTEM32\profapi.dll
0x00007ffe2ea90000 - 0x00007ffe2eaa9000 	C:\Users\LENOVO\.vscode\extensions\redhat.java-1.30.0-win32-x64\jre\17.0.10-win32-x86_64\bin\net.dll
0x00007ffe354c0000 - 0x00007ffe355ca000 	C:\Windows\SYSTEM32\WINHTTP.dll
0x00007ffe40d40000 - 0x00007ffe40daa000 	C:\Windows\system32\mswsock.dll
0x00007ffe2e8a0000 - 0x00007ffe2e8b6000 	C:\Users\LENOVO\.vscode\extensions\redhat.java-1.30.0-win32-x64\jre\17.0.10-win32-x86_64\bin\nio.dll
0x00007ffe3d0a0000 - 0x00007ffe3d0b0000 	c:\Users\LENOVO\.vscode\extensions\redhat.java-1.30.0-win32-x64\jre\17.0.10-win32-x86_64\bin\verify.dll
0x00007ffe40f30000 - 0x00007ffe40f48000 	C:\Windows\SYSTEM32\CRYPTSP.dll
0x00007ffe405f0000 - 0x00007ffe40624000 	C:\Windows\system32\rsaenh.dll
0x00007ffe41460000 - 0x00007ffe4148e000 	C:\Windows\SYSTEM32\USERENV.dll
0x00007ffe40f50000 - 0x00007ffe40f5c000 	C:\Windows\SYSTEM32\CRYPTBASE.dll
0x00007ffe409d0000 - 0x00007ffe40a0b000 	C:\Windows\SYSTEM32\IPHLPAPI.DLL
0x00007ffe43a50000 - 0x00007ffe43a58000 	C:\Windows\System32\NSI.dll
0x00007ffe357d0000 - 0x00007ffe357e7000 	C:\Windows\SYSTEM32\dhcpcsvc6.DLL
0x00007ffe38570000 - 0x00007ffe3858d000 	C:\Windows\SYSTEM32\dhcpcsvc.DLL
0x00007ffe40a10000 - 0x00007ffe40adb000 	C:\Windows\SYSTEM32\DNSAPI.dll
0x00007ffe3b7c0000 - 0x00007ffe3b7c9000 	C:\Users\LENOVO\.vscode\extensions\redhat.java-1.30.0-win32-x64\jre\17.0.10-win32-x86_64\bin\management.dll
0x00007ffe3b7a0000 - 0x00007ffe3b7ab000 	C:\Users\LENOVO\.vscode\extensions\redhat.java-1.30.0-win32-x64\jre\17.0.10-win32-x86_64\bin\management_ext.dll
0x00007ffe41f60000 - 0x00007ffe41f68000 	C:\Windows\System32\PSAPI.DLL
0x00007ffe3e3b0000 - 0x00007ffe3e3be000 	C:\Users\LENOVO\.vscode\extensions\redhat.java-1.30.0-win32-x64\jre\17.0.10-win32-x86_64\bin\sunmscapi.dll
0x00007ffe41730000 - 0x00007ffe4188e000 	C:\Windows\System32\CRYPT32.dll
0x00007ffe41050000 - 0x00007ffe41079000 	C:\Windows\SYSTEM32\ncrypt.dll
0x00007ffe41010000 - 0x00007ffe4104b000 	C:\Windows\SYSTEM32\NTASN1.dll
0x00007ffe38b10000 - 0x00007ffe38b1a000 	C:\Windows\System32\rasadhlp.dll

dbghelp: loaded successfully - version: 4.0.5 - missing functions: none
symbol engine: initialized successfully - sym options: 0x614 - pdb path: .;c:\Users\LENOVO\.vscode\extensions\redhat.java-1.30.0-win32-x64\jre\17.0.10-win32-x86_64\bin;C:\Windows\SYSTEM32;C:\Windows\WinSxS\amd64_microsoft.windows.common-controls_6595b64144ccf1df_6.0.19041.4355_none_60b8b9eb71f62e16;c:\Users\LENOVO\.vscode\extensions\redhat.java-1.30.0-win32-x64\jre\17.0.10-win32-x86_64\bin\server

VM Arguments:
jvm_args: -Xmx1024m -Dsts.lsp.client=vscode -Dsts.log.file=/dev/null -XX:TieredStopAtLevel=1 -Xlog:jni+resolve=off -Dspring.config.location=file:c:\Users\LENOVO\.vscode\extensions\vmware.vscode-spring-boot-1.54.0\language-server\BOOT-INF\classes\application.properties 
java_command: org.springframework.ide.vscode.boot.app.BootLanguageServerBootApp
java_class_path (initial): c:\Users\LENOVO\.vscode\extensions\vmware.vscode-spring-boot-1.54.0\language-server\BOOT-INF\classes;c:\Users\LENOVO\.vscode\extensions\vmware.vscode-spring-boot-1.54.0\language-server\BOOT-INF\lib\annotations-24.1.0.jar;c:\Users\LENOVO\.vscode\extensions\vmware.vscode-spring-boot-1.54.0\language-server\BOOT-INF\lib\antlr4-runtime-4.13.1.jar;c:\Users\LENOVO\.vscode\extensions\vmware.vscode-spring-boot-1.54.0\language-server\BOOT-INF\lib\asm-9.7.jar;c:\Users\LENOVO\.vscode\extensions\vmware.vscode-spring-boot-1.54.0\language-server\BOOT-INF\lib\asm-analysis-9.7.jar;c:\Users\LENOVO\.vscode\extensions\vmware.vscode-spring-boot-1.54.0\language-server\BOOT-INF\lib\asm-tree-9.7.jar;c:\Users\LENOVO\.vscode\extensions\vmware.vscode-spring-boot-1.54.0\language-server\BOOT-INF\lib\asm-util-9.7.jar;c:\Users\LENOVO\.vscode\extensions\vmware.vscode-spring-boot-1.54.0\language-server\BOOT-INF\lib\caffeine-3.1.8.jar;c:\Users\LENOVO\.vscode\extensions\vmware.vscode-spring-boot-1.54.0\language-server\BOOT-INF\lib\checker-qual-3.12.0.jar;c:\Users\LENOVO\.vscode\extensions\vmware.vscode-spring-boot-1.54.0\language-server\BOOT-INF\lib\classgraph-4.8.149.jar;c:\Users\LENOVO\.vscode\extensions\vmware.vscode-spring-boot-1.54.0\language-server\BOOT-INF\lib\commons-codec-1.16.1.jar;c:\Users\LENOVO\.vscode\extensions\vmware.vscode-spring-boot-1.54.0\language-server\BOOT-INF\lib\commons-compress-1.26.1.jar;c:\Users\LENOVO\.vscode\extensions\vmware.vscode-spring-boot-1.54.0\language-server\BOOT-INF\lib\commons-io-2.4.jar;c:\Users\LENOVO\.vscode\extensions\vmware.vscode-spring-boot-1.54.0\language-server\BOOT-INF\lib\commons-java-1.54.0-SNAPSHOT.jar;c:\Users\LENOVO\.vscode\extensions\vmware.vscode-spring-boot-1.54.0\language-server\BOOT-INF\lib\commons-lang3-3.13.0.jar;c:\Users\LENOVO\.vscode\extensions\vmware.vscode-spring-boot-1.54.0\language-server\BOOT-INF\lib\commons-language-server-1.54.0-SNAPSHOT.jar;c:\Users\LENOVO\.vscode\extensions\vmware.vscode-spring-boo
Launcher Type: SUN_STANDARD

[Global flags]
     intx CICompilerCount                          = 3                                         {product} {ergonomic}
     uint ConcGCThreads                            = 1                                         {product} {ergonomic}
     uint G1ConcRefinementThreads                  = 4                                         {product} {ergonomic}
   size_t G1HeapRegionSize                         = 1048576                                   {product} {ergonomic}
    uintx GCDrainStackTargetSize                   = 64                                        {product} {ergonomic}
   size_t InitialHeapSize                          = 67108864                                  {product} {ergonomic}
   size_t MarkStackSize                            = 4194304                                   {product} {ergonomic}
   size_t MaxHeapSize                              = 1073741824                                {product} {command line}
   size_t MaxNewSize                               = 643825664                                 {product} {ergonomic}
   size_t MinHeapDeltaBytes                        = 1048576                                   {product} {ergonomic}
   size_t MinHeapSize                              = 8388608                                   {product} {ergonomic}
    uintx NonProfiledCodeHeapSize                  = 0                                      {pd product} {ergonomic}
     bool ProfileInterpreter                       = false                                  {pd product} {command line}
    uintx ProfiledCodeHeapSize                     = 0                                      {pd product} {ergonomic}
   size_t SoftMaxHeapSize                          = 1073741824                             {manageable} {ergonomic}
     intx TieredStopAtLevel                        = 1                                         {product} {command line}
     bool UseCompressedClassPointers               = true                           {product lp64_product} {ergonomic}
     bool UseCompressedOops                        = true                           {product lp64_product} {ergonomic}
     bool UseG1GC                                  = true                                      {product} {ergonomic}
     bool UseLargePagesIndividualAllocation        = false                                  {pd product} {ergonomic}

Logging:
Log output configuration:
 #0: stdout all=warning,jni+resolve=off uptime,level,tags
 #1: stderr all=off uptime,level,tags

Environment Variables:
JAVA_HOME=C:\Software\Java\jdk1.8.0_202\bin
CLASSPATH=C:\Software\Apache Software Foundation\apache-tomcat-9.0.68-windows-x64\apache-tomcat-9.0.68\lib\servlet-api.jar
PATH=C:\Program Files\Common Files\Oracle\Java\javapath;C:\Windows\system32;C:\Windows;C:\Windows\System32\Wbem;C:\Windows\System32\WindowsPowerShell\v1.0\;C:\Windows\System32\OpenSSH\;C:\Program Files\MySQL\MySQL Server 8.0\bin;%CATALINA%;C:\Software\Jdk21\bin;C:\Software\;C:\Software\Git\cmd;C:\Program Files\MySQL\MySQL Shell 8.0\bin\;C:\Users\LENOVO\AppData\Local\Microsoft\WindowsApps;C:\Users\LENOVO\AppData\Local\Programs\Microsoft VS Code\bin;%CLASS_PATH%\servlet-api.jar;C:\Users\LENOVO\AppData\Roaming\npm
USERNAME=LENOVO
OS=Windows_NT
PROCESSOR_IDENTIFIER=Intel64 Family 6 Model 61 Stepping 4, GenuineIntel
TMP=C:\Users\LENOVO\AppData\Local\Temp
TEMP=C:\Users\LENOVO\AppData\Local\Temp



Periodic native trim disabled


---------------  S Y S T E M  ---------------

OS:
 Windows 10 , 64 bit Build 19041 (10.0.19041.3636)
OS uptime: 2 days 6:02 hours

CPU: total 4 (initial active 4) (2 cores per cpu, 2 threads per core) family 6 model 61 stepping 4 microcode 0x2d, cx8, cmov, fxsr, ht, mmx, 3dnowpref, sse, sse2, sse3, ssse3, sse4.1, sse4.2, popcnt, lzcnt, tsc, tscinvbit, avx, avx2, aes, erms, clmul, bmi1, bmi2, adx, fma, vzeroupper, clflush
Processor Information for all 4 processors :
  Max Mhz: 2100, Current Mhz: 2100, Mhz Limit: 2100

Memory: 4k page, system-wide physical 4010M (255M free)
TotalPageFile size 16298M (AvailPageFile size 6M)
current process WorkingSet (physical memory assigned to process): 70M, peak: 245M
current process commit charge ("private bytes"): 268M, peak: 320M

vm_info: OpenJDK 64-Bit Server VM (17.0.10+7) for windows-amd64 JRE (17.0.10+7), built on Jan 16 2024 23:25:11 by "admin" with MS VC++ 16.10 / 16.11 (VS2019)

END.
